2/5/2024 5:23:35 PM
GlazeWM.Infrastructure.Exceptions.FatalUserException: Failed to parse user config. (Line: 77, Col: 7, Idx: 2096) - (Line: 77, Col: 7, Idx: 2096): While parsing a block mapping, did not find expected key.
   at GlazeWM.Domain.UserConfigs.CommandHandlers.EvaluateUserConfigHandler.DeserializeUserConfig(String userConfigPath) in D:\a\glazewm\glazewm\GlazeWM.Domain\UserConfigs\CommandHandlers\EvaluateUserConfigHandler.cs:line 109
   at GlazeWM.Domain.UserConfigs.CommandHandlers.EvaluateUserConfigHandler.Handle(EvaluateUserConfigCommand command) in D:\a\glazewm\glazewm\GlazeWM.Domain\UserConfigs\CommandHandlers\EvaluateUserConfigHandler.cs:line 49
   at GlazeWM.Infrastructure.Bussing.Bus.Invoke[T](T command) in D:\a\glazewm\glazewm\GlazeWM.Infrastructure\Bussing\Bus.cs:line 48
   at GlazeWM.Domain.UserConfigs.CommandHandlers.ReloadUserConfigHandler.Handle(ReloadUserConfigCommand command) in D:\a\glazewm\glazewm\GlazeWM.Domain\UserConfigs\CommandHandlers\ReloadUserConfigHandler.cs:line 35
   at GlazeWM.Infrastructure.Bussing.Bus.Invoke[T](T command) in D:\a\glazewm\glazewm\GlazeWM.Infrastructure\Bussing\Bus.cs:line 48
   at CallSite.Target(Closure, CallSite, Bus, Object)
   at System.Dynamic.UpdateDelegates.UpdateAndExecuteVoid2[T0,T1](CallSite site, T0 arg0, T1 arg1)
   at GlazeWM.Domain.UserConfigs.CommandHandlers.RunWithSubjectContainerHandler.Handle(RunWithSubjectContainerCommand command) in D:\a\glazewm\glazewm\GlazeWM.Domain\UserConfigs\CommandHandlers\RunWithSubjectContainerHandler.cs:line 28
   at GlazeWM.Infrastructure.Bussing.Bus.Invoke[T](T command) in D:\a\glazewm\glazewm\GlazeWM.Infrastructure\Bussing\Bus.cs:line 48
   at GlazeWM.Domain.UserConfigs.CommandHandlers.RegisterKeybindingsHandler.<>c__DisplayClass4_0.<Handle>b__1() in D:\a\glazewm\glazewm\GlazeWM.Domain\UserConfigs\CommandHandlers\RegisterKeybindingsHandler.cs:line 63
Command history: HandleFatalExceptionCommand, EvaluateUserConfigCommand, ReloadUserConfigCommand, RunWithSubjectContainerCommand, SetActiveWindowBorderCommand, SyncNativeFocusCommand, RedrawContainersCommand, SetFocusedDescendantCommand, FocusWorkspaceCommand, RunWithSubjectContainerCommand, SetActiveWindowBorderCommand, SyncNativeFocusCommand, RedrawContainersCommand, SetFocusedDescendantCommand, FocusWorkspaceCommand 
State dump: {"id":"f865fe04-dedf-4f6f-ad86-7f2234d5c481","x":0,"y":0,"width":0,"height":0,"type":"root","focus_index":0,"children":[{"device_name":"\\\\.\\DISPLAY1","id":"3b7b041a-0b6c-4ba6-a0c8-4023bbab3ffe","x":0,"y":0,"width":3000,"height":1904,"type":"monitor","focus_index":0,"children":[{"tiling_direction":"horizontal","size_percentage":1,"name":"1","id":"c56dc86d-db62-4a20-af50-d9cfaa8d8547","x":20,"y":80,"width":2960,"height":1804,"type":"workspace","focus_index":0,"children":[{"floating_placement":{"left":987,"top":76,"right":2013,"bottom":1888,"x":987,"y":76,"width":1026,"height":1812},"border_delta":{"left":7,"top":0,"right":7,"bottom":7},"handle":329338,"size_percentage":1,"id":"4aab9a44-8def-44dd-8e12-065d658b2fb3","x":20,"y":80,"width":2960,"height":1804,"type":"window","focus_index":0,"children":[]},{"floating_placement":{"left":1131,"top":77,"right":1870,"bottom":1888,"x":1131,"y":77,"width":739,"height":1811},"border_delta":{"left":7,"top":0,"right":7,"bottom":7},"handle":395150,"previous_state":"tiling","id":"cf39688b-7f00-48a4-a02a-74ed2aa90a1d","x":0,"y":0,"width":0,"height":0,"type":"window","focus_index":1,"children":[]}]},{"tiling_direction":"horizontal","size_percentage":0,"name":"2","id":"6aee4103-f222-4042-a47d-93289484f6f8","x":20,"y":80,"width":2960,"height":1804,"type":"workspace","focus_index":4,"children":[{"floating_placement":{"left":12,"top":76,"right":2988,"bottom":1888,"x":12,"y":76,"width":2976,"height":1812},"border_delta":{"left":7,"top":0,"right":7,"bottom":7},"handle":395874,"size_percentage":1,"id":"f8ac266e-b6a0-4b25-a8d4-29364bffdea5","x":20,"y":80,"width":2960,"height":1804,"type":"window","focus_index":0,"children":[]}]},{"tiling_direction":"horizontal","size_percentage":0,"name":"3","id":"e4e2d1d8-c1c3-4dc0-8d46-37fc053f47e4","x":20,"y":80,"width":2960,"height":1804,"type":"workspace","focus_index":1,"children":[{"floating_placement":{"left":494,"top":439,"right":2506,"bottom":1525,"x":494,"y":439,"width":2012,"height":1086},"border_delta":{"left":7,"top":0,"right":7,"bottom":7},"handle":329794,"size_percentage":1,"id":"cb372613-ec47-4f0e-9a40-efa1927cb7cf","x":20,"y":80,"width":2960,"height":1804,"type":"window","focus_index":0,"children":[]}]},{"tiling_direction":"horizontal","size_percentage":0,"name":"4","id":"2d54f239-72db-4145-af42-e1b97e193246","x":20,"y":80,"width":2960,"height":1804,"type":"workspace","focus_index":2,"children":[{"floating_placement":{"left":758,"top":77,"right":2242,"bottom":1888,"x":758,"y":77,"width":1484,"height":1811},"border_delta":{"left":7,"top":0,"right":7,"bottom":7},"handle":1771356,"size_percentage":1,"id":"632c43e7-41ef-43e2-9b57-896548691852","x":20,"y":80,"width":2960,"height":1804,"type":"window","focus_index":0,"children":[]}]},{"tiling_direction":"horizontal","size_percentage":0,"name":"5","id":"6a26fe68-b954-4099-b3e1-1875bcebd8c7","x":20,"y":80,"width":2960,"height":1804,"type":"workspace","focus_index":3,"children":[{"floating_placement":{"left":13,"top":77,"right":2987,"bottom":1888,"x":13,"y":77,"width":2974,"height":1811},"border_delta":{"left":7,"top":0,"right":7,"bottom":7},"handle":1640186,"size_percentage":1,"id":"8870bf8d-76a1-4d02-af90-a984fa4b3d33","x":20,"y":80,"width":2960,"height":1804,"type":"window","focus_index":0,"children":[]}]}]}]}

2/6/2024 12:26:44 PM
GlazeWM.Infrastructure.Exceptions.FatalUserException: Failed to parse user config. Invalid value at property: '$.keybindings[0].bindings'.
   at GlazeWM.Domain.UserConfigs.CommandHandlers.EvaluateUserConfigHandler.DeserializeUserConfig(String userConfigPath) in D:\a\glazewm\glazewm\GlazeWM.Domain\UserConfigs\CommandHandlers\EvaluateUserConfigHandler.cs:line 109
   at GlazeWM.Domain.UserConfigs.CommandHandlers.EvaluateUserConfigHandler.Handle(EvaluateUserConfigCommand command) in D:\a\glazewm\glazewm\GlazeWM.Domain\UserConfigs\CommandHandlers\EvaluateUserConfigHandler.cs:line 49
   at GlazeWM.Infrastructure.Bussing.Bus.Invoke[T](T command) in D:\a\glazewm\glazewm\GlazeWM.Infrastructure\Bussing\Bus.cs:line 48
   at GlazeWM.Domain.UserConfigs.CommandHandlers.ReloadUserConfigHandler.Handle(ReloadUserConfigCommand command) in D:\a\glazewm\glazewm\GlazeWM.Domain\UserConfigs\CommandHandlers\ReloadUserConfigHandler.cs:line 35
   at GlazeWM.Infrastructure.Bussing.Bus.Invoke[T](T command) in D:\a\glazewm\glazewm\GlazeWM.Infrastructure\Bussing\Bus.cs:line 48
   at CallSite.Target(Closure, CallSite, Bus, Object)
   at System.Dynamic.UpdateDelegates.UpdateAndExecuteVoid2[T0,T1](CallSite site, T0 arg0, T1 arg1)
   at GlazeWM.Domain.UserConfigs.CommandHandlers.RunWithSubjectContainerHandler.Handle(RunWithSubjectContainerCommand command) in D:\a\glazewm\glazewm\GlazeWM.Domain\UserConfigs\CommandHandlers\RunWithSubjectContainerHandler.cs:line 28
   at GlazeWM.Infrastructure.Bussing.Bus.Invoke[T](T command) in D:\a\glazewm\glazewm\GlazeWM.Infrastructure\Bussing\Bus.cs:line 48
   at GlazeWM.Domain.UserConfigs.CommandHandlers.RegisterKeybindingsHandler.<>c__DisplayClass4_0.<Handle>b__1() in D:\a\glazewm\glazewm\GlazeWM.Domain\UserConfigs\CommandHandlers\RegisterKeybindingsHandler.cs:line 55
Command history: HandleFatalExceptionCommand, EvaluateUserConfigCommand, ReloadUserConfigCommand, RunWithSubjectContainerCommand, SetActiveWindowBorderCommand, SyncNativeFocusCommand, RedrawContainersCommand, RunWithSubjectContainerCommand, SetFocusedDescendantCommand, AttachContainerCommand, ManageWindowCommand, SetActiveWindowBorderCommand, SyncNativeFocusCommand, RedrawContainersCommand, SetFocusedDescendantCommand 
State dump: {"id":"f9dfd0c9-6d31-48c1-a9f0-1a52f2589490","x":0,"y":0,"width":0,"height":0,"type":"root","focus_index":0,"children":[{"device_name":"\\\\.\\DISPLAY1","id":"32d82e9b-139b-43a9-b0bc-29bb2927a66d","x":0,"y":0,"width":3000,"height":1904,"type":"monitor","focus_index":0,"children":[{"tiling_direction":"horizontal","size_percentage":1,"name":"1","id":"8f122b01-4836-4c93-aac1-fea6c4c93870","x":20,"y":80,"width":2960,"height":1804,"type":"workspace","focus_index":1,"children":[{"floating_placement":{"left":758,"top":77,"right":2242,"bottom":1888,"x":758,"y":77,"width":1484,"height":1811},"border_delta":{"left":7,"top":0,"right":7,"bottom":7},"handle":329338,"size_percentage":1,"id":"9f65bd2a-df30-42aa-9da4-3cc1d36cca08","x":20,"y":80,"width":2960,"height":1804,"type":"window","focus_index":0,"children":[]},{"floating_placement":{"left":494,"top":439,"right":2506,"bottom":1525,"x":494,"y":439,"width":2012,"height":1086},"border_delta":{"left":7,"top":0,"right":7,"bottom":7},"handle":4065870,"previous_state":"tiling","id":"3219c121-c0e2-46f1-89b6-4a7cacabe992","x":0,"y":0,"width":0,"height":0,"type":"window","focus_index":1,"children":[]}]},{"tiling_direction":"horizontal","size_percentage":0,"name":"4","id":"a2d2f1fc-cb83-43b1-b02c-0e1efaa38ca9","x":20,"y":80,"width":2960,"height":1804,"type":"workspace","focus_index":2,"children":[{"floating_placement":{"left":758,"top":77,"right":2242,"bottom":1888,"x":758,"y":77,"width":1484,"height":1811},"border_delta":{"left":7,"top":0,"right":7,"bottom":7},"handle":788788,"size_percentage":1,"id":"6bba7988-9dcb-47f0-ab2d-b6a1c8cab16f","x":20,"y":80,"width":2960,"height":1804,"type":"window","focus_index":0,"children":[]}]},{"tiling_direction":"horizontal","size_percentage":0,"name":"2","id":"94bdbd63-eecb-4ce7-9db1-b4519e47cf4f","x":20,"y":80,"width":2960,"height":1804,"type":"workspace","focus_index":3,"children":[{"floating_placement":{"left":757,"top":76,"right":2243,"bottom":1888,"x":757,"y":76,"width":1486,"height":1812},"border_delta":{"left":7,"top":0,"right":7,"bottom":7},"handle":1115982,"size_percentage":1,"id":"957d8bbc-ee2f-4f13-a9e1-438118096f1c","x":20,"y":80,"width":2960,"height":1804,"type":"window","focus_index":0,"children":[]}]},{"tiling_direction":"horizontal","size_percentage":0,"name":"3","id":"2dd069d8-5044-4f35-a33a-20e5c52e0b77","x":20,"y":80,"width":2960,"height":1804,"type":"workspace","focus_index":0,"children":[{"floating_placement":{"left":494,"top":439,"right":2506,"bottom":1525,"x":494,"y":439,"width":2012,"height":1086},"border_delta":{"left":7,"top":0,"right":7,"bottom":7},"handle":1508964,"size_percentage":1,"id":"6aa9e3b8-c152-4ebd-9694-2784f61fb121","x":20,"y":80,"width":2960,"height":1804,"type":"window","focus_index":0,"children":[]}]}]}]}

2/6/2024 12:30:05 PM
GlazeWM.Infrastructure.Exceptions.FatalUserException: Failed to parse user config. Invalid value at property: '$.keybindings[0].bindings'.
   at GlazeWM.Domain.UserConfigs.CommandHandlers.EvaluateUserConfigHandler.DeserializeUserConfig(String userConfigPath) in D:\a\glazewm\glazewm\GlazeWM.Domain\UserConfigs\CommandHandlers\EvaluateUserConfigHandler.cs:line 109
   at GlazeWM.Domain.UserConfigs.CommandHandlers.EvaluateUserConfigHandler.Handle(EvaluateUserConfigCommand command) in D:\a\glazewm\glazewm\GlazeWM.Domain\UserConfigs\CommandHandlers\EvaluateUserConfigHandler.cs:line 49
   at GlazeWM.Infrastructure.Bussing.Bus.Invoke[T](T command) in D:\a\glazewm\glazewm\GlazeWM.Infrastructure\Bussing\Bus.cs:line 41
   at GlazeWM.Domain.Common.CommandHandlers.PopulateInitialStateHandler.Handle(PopulateInitialStateCommand command) in D:\a\glazewm\glazewm\GlazeWM.Domain\Common\CommandHandlers\PopulateInitialStateHandler.cs:line 41
   at GlazeWM.Infrastructure.Bussing.Bus.Invoke[T](T command) in D:\a\glazewm\glazewm\GlazeWM.Infrastructure\Bussing\Bus.cs:line 41
   at GlazeWM.App.WindowManager.WmStartup.Run()
Command history: HandleFatalExceptionCommand, EvaluateUserConfigCommand, PopulateInitialStateCommand 
State dump: {"id":"1bd40254-48e9-42b7-8457-1bea5f1683df","x":0,"y":0,"width":0,"height":0,"type":"root","focus_index":0,"children":[]}

3/18/2024 4:01:17 PM
System.ObjectDisposedException: Cannot access a disposed object.
   at System.Reactive.Subjects.Subject`1.ThrowDisposed() in /_/Rx.NET/Source/src/System.Reactive/Subjects/Subject.cs:line 53
   at System.Reactive.Subjects.Subject`1.OnNext(T value) in /_/Rx.NET/Source/src/System.Reactive/Subjects/Subject.cs:line 141
   at GlazeWM.Bar.BarService.<>c__DisplayClass10_0.<CloseWindow>b__0() in D:\a\glazewm\glazewm\GlazeWM.Bar\BarService.cs:line 118
   at System.Windows.Threading.DispatcherOperation.InvokeDelegateCore()
   at System.Windows.Threading.DispatcherOperation.InvokeImpl()
--- End of stack trace from previous location ---
   at System.Windows.Threading.DispatcherOperation.Wait(TimeSpan timeout)
   at System.Windows.Threading.Dispatcher.InvokeImpl(DispatcherOperation operation, CancellationToken cancellationToken, TimeSpan timeout)
   at System.Windows.Threading.Dispatcher.Invoke(Action callback, DispatcherPriority priority, CancellationToken cancellationToken, TimeSpan timeout)
   at System.Windows.Threading.Dispatcher.Invoke(Action callback)
   at GlazeWM.Bar.BarService.CloseWindow(String deviceName) in D:\a\glazewm\glazewm\GlazeWM.Bar\BarService.cs:line 116
   at GlazeWM.Bar.BarService.RestartApp() in D:\a\glazewm\glazewm\GlazeWM.Bar\BarService.cs:line 79
   at GlazeWM.Bar.BarService.<StartApp>b__6_3(UserConfigReloadedEvent _) in D:\a\glazewm\glazewm\GlazeWM.Bar\BarService.cs:line 55
   at System.Reactive.AnonymousSafeObserver`1.OnNext(T value) in /_/Rx.NET/Source/src/System.Reactive/AnonymousSafeObserver.cs:line 54
   at System.Reactive.Subjects.Subject`1.OnNext(T value) in /_/Rx.NET/Source/src/System.Reactive/Subjects/Subject.cs:line 141
   at GlazeWM.Infrastructure.Bussing.Bus.Emit[T](T event) in D:\a\glazewm\glazewm\GlazeWM.Infrastructure\Bussing\Bus.cs:line 87
   at GlazeWM.Domain.UserConfigs.CommandHandlers.ReloadUserConfigHandler.Handle(ReloadUserConfigCommand command) in D:\a\glazewm\glazewm\GlazeWM.Domain\UserConfigs\CommandHandlers\ReloadUserConfigHandler.cs:line 53
   at GlazeWM.Infrastructure.Bussing.Bus.Invoke[T](T command) in D:\a\glazewm\glazewm\GlazeWM.Infrastructure\Bussing\Bus.cs:line 48
   at CallSite.Target(Closure, CallSite, Bus, Object)
   at System.Dynamic.UpdateDelegates.UpdateAndExecuteVoid2[T0,T1](CallSite site, T0 arg0, T1 arg1)
   at GlazeWM.Domain.UserConfigs.CommandHandlers.RunWithSubjectContainerHandler.Handle(RunWithSubjectContainerCommand command) in D:\a\glazewm\glazewm\GlazeWM.Domain\UserConfigs\CommandHandlers\RunWithSubjectContainerHandler.cs:line 28
   at GlazeWM.Infrastructure.Bussing.Bus.Invoke[T](T command) in D:\a\glazewm\glazewm\GlazeWM.Infrastructure\Bussing\Bus.cs:line 48
   at GlazeWM.Domain.UserConfigs.CommandHandlers.RegisterKeybindingsHandler.<>c__DisplayClass4_0.<Handle>b__1() in D:\a\glazewm\glazewm\GlazeWM.Domain\UserConfigs\CommandHandlers\RegisterKeybindingsHandler.cs:line 63
Command history: HandleFatalExceptionCommand, RunWithSubjectContainerCommand, RunWithSubjectContainerCommand, RunWithSubjectContainerCommand, RunWithSubjectContainerCommand, UpdateWorkspacesFromConfigCommand, RegisterKeybindingsCommand, EvaluateUserConfigCommand, ReloadUserConfigCommand, RunWithSubjectContainerCommand, SetActiveWindowBorderCommand, SyncNativeFocusCommand, RedrawContainersCommand, RunWithSubjectContainerCommand, SetFocusedDescendantCommand 
State dump: {"id":"daed2bba-04de-4f0d-9922-4f2d4a2459e5","x":0,"y":0,"width":0,"height":0,"type":"root","focus_index":0,"children":[{"device_name":"\\\\.\\DISPLAY1","id":"349edb13-0a81-4fc7-bf1d-9c59d1c9d820","x":0,"y":0,"width":3000,"height":2000,"type":"monitor","focus_index":0,"children":[{"tiling_direction":"horizontal","size_percentage":0.625,"name":"2","id":"87b2fef1-1eb4-4a54-9f3b-5cc125def2ac","x":20,"y":80,"width":2960,"height":1900,"type":"workspace","focus_index":2,"children":[{"floating_placement":{"left":12,"top":76,"right":2988,"bottom":1984,"x":12,"y":76,"width":2976,"height":1908},"border_delta":{"left":7,"top":0,"right":7,"bottom":7},"handle":329484,"size_percentage":1,"id":"60262600-dd83-48c5-913a-b90e622db836","x":20,"y":80,"width":2960,"height":1900,"type":"window","focus_index":0,"children":[]}]},{"tiling_direction":"horizontal","size_percentage":0.375,"name":"1","id":"06b68e46-f454-4d5e-a9aa-8bc757defc1b","x":20,"y":80,"width":2960,"height":1900,"type":"workspace","focus_index":1,"children":[{"floating_placement":{"left":12,"top":76,"right":2988,"bottom":1984,"x":12,"y":76,"width":2976,"height":1908},"border_delta":{"left":7,"top":0,"right":7,"bottom":7},"handle":1312966,"size_percentage":1,"id":"c69d8699-0323-4d0e-b321-08e4e718816d","x":20,"y":80,"width":2960,"height":1900,"type":"window","focus_index":0,"children":[]}]},{"tiling_direction":"horizontal","size_percentage":0,"name":"4","id":"1f1c18a6-b40d-4743-b80a-407bf8ef89ea","x":20,"y":80,"width":2960,"height":1900,"type":"workspace","focus_index":3,"children":[{"floating_placement":{"left":12,"top":76,"right":2988,"bottom":1984,"x":12,"y":76,"width":2976,"height":1908},"border_delta":{"left":7,"top":0,"right":7,"bottom":7},"handle":328982,"size_percentage":1,"id":"6f8790ce-2544-4af0-bed3-0c0d0654abf5","x":20,"y":80,"width":2960,"height":1900,"type":"window","focus_index":0,"children":[]}]},{"tiling_direction":"horizontal","size_percentage":0,"name":"3","id":"644b2d3f-6c31-47f6-9ebb-0b15b4bc0d7c","x":20,"y":80,"width":2960,"height":1900,"type":"workspace","focus_index":0,"children":[{"floating_placement":{"left":494,"top":499,"right":2506,"bottom":1562,"x":494,"y":499,"width":2012,"height":1063},"border_delta":{"left":7,"top":0,"right":7,"bottom":7},"handle":590562,"size_percentage":1,"id":"4096849c-861d-45a8-8c4a-7013aed2a7bd","x":20,"y":80,"width":2960,"height":1900,"type":"window","focus_index":0,"children":[]}]}]}]}

3/18/2024 11:35:01 PM
GlazeWM.Infrastructure.Exceptions.FatalUserException: Failed to parse user config. Invalid binding 'Alt+<' in keybinding config: Unknown key '<'
   at GlazeWM.Domain.UserConfigs.CommandHandlers.EvaluateUserConfigHandler.ValidateDeserializedConfig(UserConfig deserializedConfig) in D:\a\glazewm\glazewm\GlazeWM.Domain\UserConfigs\CommandHandlers\EvaluateUserConfigHandler.cs:line 209
   at GlazeWM.Domain.UserConfigs.CommandHandlers.EvaluateUserConfigHandler.Handle(EvaluateUserConfigCommand command) in D:\a\glazewm\glazewm\GlazeWM.Domain\UserConfigs\CommandHandlers\EvaluateUserConfigHandler.cs:line 58
   at GlazeWM.Infrastructure.Bussing.Bus.Invoke[T](T command) in D:\a\glazewm\glazewm\GlazeWM.Infrastructure\Bussing\Bus.cs:line 48
   at GlazeWM.Domain.UserConfigs.CommandHandlers.ReloadUserConfigHandler.Handle(ReloadUserConfigCommand command) in D:\a\glazewm\glazewm\GlazeWM.Domain\UserConfigs\CommandHandlers\ReloadUserConfigHandler.cs:line 35
   at GlazeWM.Infrastructure.Bussing.Bus.Invoke[T](T command) in D:\a\glazewm\glazewm\GlazeWM.Infrastructure\Bussing\Bus.cs:line 48
   at CallSite.Target(Closure, CallSite, Bus, Object)
   at System.Dynamic.UpdateDelegates.UpdateAndExecuteVoid2[T0,T1](CallSite site, T0 arg0, T1 arg1)
   at GlazeWM.Domain.UserConfigs.CommandHandlers.RunWithSubjectContainerHandler.Handle(RunWithSubjectContainerCommand command) in D:\a\glazewm\glazewm\GlazeWM.Domain\UserConfigs\CommandHandlers\RunWithSubjectContainerHandler.cs:line 28
   at GlazeWM.Infrastructure.Bussing.Bus.Invoke[T](T command) in D:\a\glazewm\glazewm\GlazeWM.Infrastructure\Bussing\Bus.cs:line 48
   at GlazeWM.Domain.UserConfigs.CommandHandlers.RegisterKeybindingsHandler.<>c__DisplayClass4_0.<Handle>b__1() in D:\a\glazewm\glazewm\GlazeWM.Domain\UserConfigs\CommandHandlers\RegisterKeybindingsHandler.cs:line 63
Command history: HandleFatalExceptionCommand, EvaluateUserConfigCommand, ReloadUserConfigCommand, RunWithSubjectContainerCommand, SetActiveWindowBorderCommand, SyncNativeFocusCommand, RedrawContainersCommand, SetFocusedDescendantCommand, DetachContainerCommand, UnmanageWindowCommand, SyncNativeFocusCommand, RedrawContainersCommand, ResizeContainerCommand, ResizeWindowCommand, RunWithSubjectContainerCommand 
State dump: {"id":"bbcaf40a-064e-4c5f-a563-64656ee1fb38","x":0,"y":0,"width":0,"height":0,"type":"root","focus_index":0,"children":[{"device_name":"\\\\.\\DISPLAY1","id":"e8a753d1-fe86-4ff6-bad5-9b8432d0509e","x":3840,"y":0,"width":3840,"height":2160,"type":"monitor","focus_index":1,"children":[{"tiling_direction":"horizontal","size_percentage":1,"name":"6","id":"f79c117a-23c6-4d9a-9c58-f89968510789","x":3860,"y":80,"width":3800,"height":2060,"type":"workspace","focus_index":0,"children":[]}]},{"device_name":"\\\\.\\DISPLAY2","id":"2a8ea3e4-1f68-4355-bdc3-32e96782cce5","x":0,"y":0,"width":3840,"height":2160,"type":"monitor","focus_index":0,"children":[{"tiling_direction":"horizontal","size_percentage":1,"name":"2","id":"aad6d00c-fda8-4f6b-907c-5a6c029303a3","x":20,"y":80,"width":3800,"height":2060,"type":"workspace","focus_index":2,"children":[{"floating_placement":{"left":433,"top":157,"right":3407,"bottom":2064,"x":433,"y":157,"width":2974,"height":1907},"border_delta":{"left":7,"top":0,"right":7,"bottom":7},"handle":329484,"size_percentage":1,"id":"526981d8-847e-4821-94a3-83fc320eb023","x":20,"y":80,"width":3800,"height":2060,"type":"window","focus_index":0,"children":[]}]},{"tiling_direction":"horizontal","size_percentage":0,"name":"1","id":"2f6aa7fd-d006-44ce-a07d-2fffe8d4021c","x":20,"y":80,"width":3800,"height":2060,"type":"workspace","focus_index":1,"children":[{"floating_placement":{"left":13,"top":76,"right":3827,"bottom":2144,"x":13,"y":76,"width":3814,"height":2068},"border_delta":{"left":7,"top":0,"right":7,"bottom":7},"handle":723272,"size_percentage":1,"id":"a0e1aa27-0762-4cc5-88dc-5cab74675fa0","x":20,"y":80,"width":3800,"height":2060,"type":"window","focus_index":0,"children":[]}]},{"tiling_direction":"horizontal","size_percentage":0,"name":"3","id":"80ef58a2-dd41-42c4-900f-b3eef4d53613","x":20,"y":80,"width":3800,"height":2060,"type":"workspace","focus_index":0,"children":[{"floating_placement":{"left":911,"top":575,"right":2929,"bottom":1645,"x":911,"y":575,"width":2018,"height":1070},"border_delta":{"left":7,"top":0,"right":7,"bottom":7},"handle":8718680,"size_percentage":1,"id":"78e13b7b-698c-4490-b7f7-2822a9a8791c","x":20,"y":80,"width":3800,"height":2060,"type":"window","focus_index":0,"children":[]}]}]}]}

3/18/2024 11:37:03 PM
GlazeWM.Infrastructure.Exceptions.FatalUserException: Failed to parse user config. Invalid binding 'Alt+'<'' in keybinding config: Unknown key ''<''
   at GlazeWM.Domain.UserConfigs.CommandHandlers.EvaluateUserConfigHandler.ValidateDeserializedConfig(UserConfig deserializedConfig) in D:\a\glazewm\glazewm\GlazeWM.Domain\UserConfigs\CommandHandlers\EvaluateUserConfigHandler.cs:line 209
   at GlazeWM.Domain.UserConfigs.CommandHandlers.EvaluateUserConfigHandler.Handle(EvaluateUserConfigCommand command) in D:\a\glazewm\glazewm\GlazeWM.Domain\UserConfigs\CommandHandlers\EvaluateUserConfigHandler.cs:line 58
   at GlazeWM.Infrastructure.Bussing.Bus.Invoke[T](T command) in D:\a\glazewm\glazewm\GlazeWM.Infrastructure\Bussing\Bus.cs:line 41
   at GlazeWM.Domain.Common.CommandHandlers.PopulateInitialStateHandler.Handle(PopulateInitialStateCommand command) in D:\a\glazewm\glazewm\GlazeWM.Domain\Common\CommandHandlers\PopulateInitialStateHandler.cs:line 41
   at GlazeWM.Infrastructure.Bussing.Bus.Invoke[T](T command) in D:\a\glazewm\glazewm\GlazeWM.Infrastructure\Bussing\Bus.cs:line 41
   at GlazeWM.App.WindowManager.WmStartup.Run()
Command history: HandleFatalExceptionCommand, EvaluateUserConfigCommand, PopulateInitialStateCommand 
State dump: {"id":"d183ccf1-c66d-44e8-aba3-570a81596251","x":0,"y":0,"width":0,"height":0,"type":"root","focus_index":0,"children":[]}

